<?xml version="1.0" encoding="UTF-8"?>
<!-- Generated by org.testng.reporters.JUnitXMLReporter -->
<testsuite hostname="srijaytechlap1" ignored="0" name="Default test" tests="4" failures="0" timestamp="2019-12-24T18:30:01 IST" time="146.536" errors="0">
  <testcase name="verifyLogo" time="0.169" classname="com.qa.tests.HomepageTest"/>
  <testcase name="verifySearch" time="4.211" classname="com.qa.tests.HomepageTest"/>
  <testcase name="verifyProductName" time="0.099" classname="com.qa.tests.HomepageTest"/>
  <testcase name="verifyAddToCart" time="13.039" classname="com.qa.tests.HomepageTest"/>
</testsuite> <!-- Default test -->
