<?xml version="1.0" encoding="UTF-8"?>
<!-- Generated by org.testng.reporters.JUnitXMLReporter -->
<testsuite hostname="srijaytechlap1" ignored="0" name="Command line test" tests="4" failures="0" timestamp="2019-12-24T14:40:24 IST" time="149.676" errors="0">
  <testcase name="verifyLogo" time="4.279" classname="com.qa.tests.LoginPageTest"/>
  <testcase name="verifyLoginText" time="1.25" classname="com.qa.tests.LoginPageTest"/>
  <testcase name="verifyLogin" time="9.709" classname="com.qa.tests.LoginPageTest"/>
  <testcase name="verifyLogin" time="7.135" classname="com.qa.tests.LoginPageTest"/>
</testsuite> <!-- Command line test -->
