<?xml version="1.0" encoding="UTF-8"?>
<testng-results skipped="0" failed="0" ignored="0" total="4" passed="4">
  <reporter-output>
  </reporter-output>
  <suite name="Command line suite" duration-ms="149676" started-at="2019-12-24T14:37:55 IST" finished-at="2019-12-24T14:40:24 IST">
    <groups>
      <group name="LoginPage">
        <method signature="LoginPageTest.verifyLogin()[pri:3, instance:com.qa.tests.LoginPageTest@239963d8]" name="verifyLogin" class="com.qa.tests.LoginPageTest"/>
        <method signature="LoginPageTest.verifyLoginText()[pri:2, instance:com.qa.tests.LoginPageTest@239963d8]" name="verifyLoginText" class="com.qa.tests.LoginPageTest"/>
        <method signature="LoginPageTest.verifyLogo()[pri:1, instance:com.qa.tests.LoginPageTest@239963d8]" name="verifyLogo" class="com.qa.tests.LoginPageTest"/>
      </group> <!-- LoginPage -->
    </groups>
    <test name="Command line test" duration-ms="149676" started-at="2019-12-24T14:37:55 IST" finished-at="2019-12-24T14:40:24 IST">
      <class name="com.qa.tests.LoginPageTest">
        <test-method status="PASS" signature="setUp()[pri:0, instance:com.qa.tests.LoginPageTest@239963d8]" name="setUp" is-config="true" duration-ms="60423" started-at="2019-12-24T14:37:55 IST" finished-at="2019-12-24T14:38:55 IST">
          <reporter-output>
          </reporter-output>
        </test-method> <!-- setUp -->
        <test-method status="PASS" signature="verifyLogo()[pri:1, instance:com.qa.tests.LoginPageTest@239963d8]" name="verifyLogo" duration-ms="4279" started-at="2019-12-24T14:38:55 IST" finished-at="2019-12-24T14:38:59 IST">
          <reporter-output>
          </reporter-output>
        </test-method> <!-- verifyLogo -->
        <test-method status="PASS" signature="tearDown()[pri:0, instance:com.qa.tests.LoginPageTest@239963d8]" name="tearDown" is-config="true" duration-ms="1704" started-at="2019-12-24T14:38:59 IST" finished-at="2019-12-24T14:39:01 IST">
          <reporter-output>
          </reporter-output>
        </test-method> <!-- tearDown -->
        <test-method status="PASS" signature="setUp()[pri:0, instance:com.qa.tests.LoginPageTest@239963d8]" name="setUp" is-config="true" duration-ms="20779" started-at="2019-12-24T14:39:01 IST" finished-at="2019-12-24T14:39:22 IST">
          <reporter-output>
          </reporter-output>
        </test-method> <!-- setUp -->
        <test-method status="PASS" signature="verifyLoginText()[pri:2, instance:com.qa.tests.LoginPageTest@239963d8]" name="verifyLoginText" duration-ms="1250" started-at="2019-12-24T14:39:22 IST" finished-at="2019-12-24T14:39:23 IST">
          <reporter-output>
          </reporter-output>
        </test-method> <!-- verifyLoginText -->
        <test-method status="PASS" signature="tearDown()[pri:0, instance:com.qa.tests.LoginPageTest@239963d8]" name="tearDown" is-config="true" duration-ms="1140" started-at="2019-12-24T14:39:23 IST" finished-at="2019-12-24T14:39:24 IST">
          <reporter-output>
          </reporter-output>
        </test-method> <!-- tearDown -->
        <test-method status="PASS" signature="setUp()[pri:0, instance:com.qa.tests.LoginPageTest@239963d8]" name="setUp" is-config="true" duration-ms="20604" started-at="2019-12-24T14:39:24 IST" finished-at="2019-12-24T14:39:45 IST">
          <reporter-output>
          </reporter-output>
        </test-method> <!-- setUp -->
        <test-method status="PASS" signature="verifyLogin()[pri:3, instance:com.qa.tests.LoginPageTest@239963d8]" name="verifyLogin" duration-ms="9709" started-at="2019-12-24T14:39:45 IST" finished-at="2019-12-24T14:39:55 IST">
          <reporter-output>
          </reporter-output>
        </test-method> <!-- verifyLogin -->
        <test-method status="PASS" signature="tearDown()[pri:0, instance:com.qa.tests.LoginPageTest@239963d8]" name="tearDown" is-config="true" duration-ms="1144" started-at="2019-12-24T14:39:55 IST" finished-at="2019-12-24T14:39:56 IST">
          <reporter-output>
          </reporter-output>
        </test-method> <!-- tearDown -->
        <test-method status="PASS" signature="setUp()[pri:0, instance:com.qa.tests.LoginPageTest@239963d8]" name="setUp" is-config="true" duration-ms="20680" started-at="2019-12-24T14:39:56 IST" finished-at="2019-12-24T14:40:16 IST">
          <reporter-output>
          </reporter-output>
        </test-method> <!-- setUp -->
        <test-method status="PASS" signature="verifyLogin()[pri:3, instance:com.qa.tests.LoginPageTest@239963d8]" name="verifyLogin" duration-ms="7135" started-at="2019-12-24T14:40:16 IST" finished-at="2019-12-24T14:40:24 IST">
          <reporter-output>
          </reporter-output>
        </test-method> <!-- verifyLogin -->
        <test-method status="PASS" signature="tearDown()[pri:0, instance:com.qa.tests.LoginPageTest@239963d8]" name="tearDown" is-config="true" duration-ms="733" started-at="2019-12-24T14:40:24 IST" finished-at="2019-12-24T14:40:24 IST">
          <reporter-output>
          </reporter-output>
        </test-method> <!-- tearDown -->
      </class> <!-- com.qa.tests.LoginPageTest -->
    </test> <!-- Command line test -->
  </suite> <!-- Command line suite -->
</testng-results>
