<?xml version="1.0" encoding="UTF-8"?>
<!-- Generated by org.testng.reporters.JUnitXMLReporter -->
<testsuite hostname="srijaytechlap1" ignored="0" name="Kipos POS Automation" tests="10" failures="0" timestamp="2019-12-26T16:06:20 IST" time="395.71" errors="0">
  <testcase name="verifyLogo" time="0.517" classname="com.qa.tests.LoginPageTest"/>
  <testcase name="verifyLoginText" time="1.484" classname="com.qa.tests.LoginPageTest"/>
  <testcase name="verifyLogin" time="10.936" classname="com.qa.tests.LoginPageTest"/>
  <testcase name="verifyLogin" time="10.712" classname="com.qa.tests.LoginPageTest"/>
  <testcase name="verifyLogo" time="0.06" classname="com.qa.tests.HomepageTest"/>
  <testcase name="verifySearch" time="4.184" classname="com.qa.tests.HomepageTest"/>
  <testcase name="verifyProductName" time="4.299" classname="com.qa.tests.HomepageTest"/>
  <testcase name="verifyAddToCart" time="13.004" classname="com.qa.tests.HomepageTest"/>
  <testcase name="verifyProductName1" time="0.067" classname="com.qa.tests.HomepageTest"/>
  <testcase name="verifyAddToCart1" time="12.854" classname="com.qa.tests.HomepageTest"/>
</testsuite> <!-- Kipos POS Automation -->
